c:\niagara\btgd9111\2014\week13\typewriter\formstart\formstart\debug\myform.obj
c:\niagara\btgd9111\2014\week13\typewriter\formstart\formstart\debug\vc110.pdb
c:\niagara\btgd9111\2014\week13\typewriter\formstart\formstart\debug\.netframework,version=v4.5.assemblyattributes.obj
c:\niagara\btgd9111\2014\week13\typewriter\formstart\formstart\debug\formstart.myform.resources
䍞尺楎条牡屡呂䑇ㄹㄱ㉜㄰尴敗步㌱呜灹坥楲整屲潆浲瑓牡屴潆浲瑓牡屴潆浲瑓牡⹴捶灸潲൪䌊尺楎条牡屡呂䑇ㄹㄱ㉜㄰尴敗步㌱呜灹坥楲整屲潆浲瑓牡屴潆浲瑓牡屴敄畢屧潆浲瑓牡⹴祍潆浲爮獥畯捲獥਍䍞尺楎条牡屡呂䑇ㄹㄱ㉜㄰尴敗步㌱呜灹坥楲整屲潆浲瑓牡屴潆浲瑓牡屴潆浲瑓牡⹴捶灸潲൪䌊尺楎条牡屡呂䑇ㄹㄱ㉜㄰尴敗步㌱呜灹坥楲整屲潆浲瑓牡屴潆浲瑓牡屴敄畢屧潆浲瑓牡⹴祍潆浲爮獥畯捲獥਍
c:\niagara\btgd9111\2014\week13\typewriter\formstart\debug\formstart.ilk
c:\niagara\btgd9111\2014\week13\typewriter\formstart\debug\formstart.exe
c:\niagara\btgd9111\2014\week13\typewriter\formstart\debug\formstart.pdb
c:\niagara\btgd9111\2015\week12\class 2\formstart\formstart\debug\formstart.vcxproj.generateresource.cache
c:\niagara\btgd9111\2015\week12\class 2\formstart\formstart\debug\formstart.vcxprojresolveassemblyreference.cache
c:\niagara\btgd9111\2015\week12\class 2\formstart\formstart\debug\.netframework,version=v4.5.assemblyattributes.obj
c:\niagara\btgd9111\2015\week12\class 2\formstart\formstart\debug\myform.obj
c:\niagara\btgd9111\2015\week12\class 2\formstart\formstart\debug\formstart.myform.resources
c:\niagara\btgd9111\2015\week12\class 2\formstart\formstart\debug\cl.command.1.tlog
c:\niagara\btgd9111\2015\week12\class 2\formstart\formstart\debug\cl.read.1.tlog
c:\niagara\btgd9111\2015\week12\class 2\formstart\formstart\debug\cl.write.1.tlog
c:\niagara\btgd9111\2015\week12\class 2\formstart\formstart\debug\formstart.write.1.tlog
c:\niagara\btgd9111\2015\week12\class 2\formstart\formstart\debug\link.13100-cvtres.read.1.tlog
c:\niagara\btgd9111\2015\week12\class 2\formstart\formstart\debug\link.13100-cvtres.write.1.tlog
c:\niagara\btgd9111\2015\week12\class 2\formstart\formstart\debug\link.13100-rc.read.1.tlog
c:\niagara\btgd9111\2015\week12\class 2\formstart\formstart\debug\link.13100-rc.write.1.tlog
c:\niagara\btgd9111\2015\week12\class 2\formstart\formstart\debug\link.13100.read.1.tlog
c:\niagara\btgd9111\2015\week12\class 2\formstart\formstart\debug\link.13100.write.1.tlog
c:\niagara\btgd9111\2015\week12\class 2\formstart\formstart\debug\link.1608-cvtres.read.1.tlog
c:\niagara\btgd9111\2015\week12\class 2\formstart\formstart\debug\link.1608-cvtres.write.1.tlog
c:\niagara\btgd9111\2015\week12\class 2\formstart\formstart\debug\link.1608-rc.read.1.tlog
c:\niagara\btgd9111\2015\week12\class 2\formstart\formstart\debug\link.1608-rc.write.1.tlog
c:\niagara\btgd9111\2015\week12\class 2\formstart\formstart\debug\link.1608.read.1.tlog
c:\niagara\btgd9111\2015\week12\class 2\formstart\formstart\debug\link.1608.read.2.tlog
c:\niagara\btgd9111\2015\week12\class 2\formstart\formstart\debug\link.1608.write.1.tlog
c:\niagara\btgd9111\2015\week12\class 2\formstart\formstart\debug\link.2836-cvtres.read.1.tlog
c:\niagara\btgd9111\2015\week12\class 2\formstart\formstart\debug\link.2836-cvtres.write.1.tlog
c:\niagara\btgd9111\2015\week12\class 2\formstart\formstart\debug\link.2836-rc.read.1.tlog
c:\niagara\btgd9111\2015\week12\class 2\formstart\formstart\debug\link.2836-rc.write.1.tlog
c:\niagara\btgd9111\2015\week12\class 2\formstart\formstart\debug\link.2836.read.1.tlog
c:\niagara\btgd9111\2015\week12\class 2\formstart\formstart\debug\link.2836.read.2.tlog
c:\niagara\btgd9111\2015\week12\class 2\formstart\formstart\debug\link.2836.write.1.tlog
c:\niagara\btgd9111\2015\week12\class 2\formstart\formstart\debug\link.3440-cvtres.read.1.tlog
c:\niagara\btgd9111\2015\week12\class 2\formstart\formstart\debug\link.3440-cvtres.write.1.tlog
c:\niagara\btgd9111\2015\week12\class 2\formstart\formstart\debug\link.3440-rc.read.1.tlog
c:\niagara\btgd9111\2015\week12\class 2\formstart\formstart\debug\link.3440-rc.write.1.tlog
c:\niagara\btgd9111\2015\week12\class 2\formstart\formstart\debug\link.3440.read.1.tlog
c:\niagara\btgd9111\2015\week12\class 2\formstart\formstart\debug\link.3440.read.2.tlog
c:\niagara\btgd9111\2015\week12\class 2\formstart\formstart\debug\link.3440.write.1.tlog
c:\niagara\btgd9111\2015\week12\class 2\formstart\formstart\debug\link.3544-cvtres.read.1.tlog
c:\niagara\btgd9111\2015\week12\class 2\formstart\formstart\debug\link.3544-cvtres.write.1.tlog
c:\niagara\btgd9111\2015\week12\class 2\formstart\formstart\debug\link.3544-rc.read.1.tlog
c:\niagara\btgd9111\2015\week12\class 2\formstart\formstart\debug\link.3544-rc.write.1.tlog
c:\niagara\btgd9111\2015\week12\class 2\formstart\formstart\debug\link.3544.read.1.tlog
c:\niagara\btgd9111\2015\week12\class 2\formstart\formstart\debug\link.3544.write.1.tlog
c:\niagara\btgd9111\2015\week12\class 2\formstart\formstart\debug\link.4372-cvtres.read.1.tlog
c:\niagara\btgd9111\2015\week12\class 2\formstart\formstart\debug\link.4372-cvtres.write.1.tlog
c:\niagara\btgd9111\2015\week12\class 2\formstart\formstart\debug\link.4372-rc.read.1.tlog
c:\niagara\btgd9111\2015\week12\class 2\formstart\formstart\debug\link.4372-rc.write.1.tlog
c:\niagara\btgd9111\2015\week12\class 2\formstart\formstart\debug\link.4372.read.1.tlog
c:\niagara\btgd9111\2015\week12\class 2\formstart\formstart\debug\link.4372.write.1.tlog
c:\niagara\btgd9111\2015\week12\class 2\formstart\formstart\debug\link.4708-cvtres.read.1.tlog
c:\niagara\btgd9111\2015\week12\class 2\formstart\formstart\debug\link.4708-cvtres.write.1.tlog
c:\niagara\btgd9111\2015\week12\class 2\formstart\formstart\debug\link.4708-rc.read.1.tlog
c:\niagara\btgd9111\2015\week12\class 2\formstart\formstart\debug\link.4708-rc.write.1.tlog
c:\niagara\btgd9111\2015\week12\class 2\formstart\formstart\debug\link.4708.read.1.tlog
c:\niagara\btgd9111\2015\week12\class 2\formstart\formstart\debug\link.4708.read.2.tlog
c:\niagara\btgd9111\2015\week12\class 2\formstart\formstart\debug\link.4708.write.1.tlog
c:\niagara\btgd9111\2015\week12\class 2\formstart\formstart\debug\link.4712-cvtres.read.1.tlog
c:\niagara\btgd9111\2015\week12\class 2\formstart\formstart\debug\link.4712-cvtres.write.1.tlog
c:\niagara\btgd9111\2015\week12\class 2\formstart\formstart\debug\link.4712-rc.read.1.tlog
c:\niagara\btgd9111\2015\week12\class 2\formstart\formstart\debug\link.4712-rc.write.1.tlog
c:\niagara\btgd9111\2015\week12\class 2\formstart\formstart\debug\link.4712.read.1.tlog
c:\niagara\btgd9111\2015\week12\class 2\formstart\formstart\debug\link.4712.write.1.tlog
c:\niagara\btgd9111\2015\week12\class 2\formstart\formstart\debug\link.4760-cvtres.read.1.tlog
c:\niagara\btgd9111\2015\week12\class 2\formstart\formstart\debug\link.4760-cvtres.write.1.tlog
c:\niagara\btgd9111\2015\week12\class 2\formstart\formstart\debug\link.4760-rc.read.1.tlog
c:\niagara\btgd9111\2015\week12\class 2\formstart\formstart\debug\link.4760-rc.write.1.tlog
c:\niagara\btgd9111\2015\week12\class 2\formstart\formstart\debug\link.4760.read.1.tlog
c:\niagara\btgd9111\2015\week12\class 2\formstart\formstart\debug\link.4760.read.2.tlog
c:\niagara\btgd9111\2015\week12\class 2\formstart\formstart\debug\link.4760.write.1.tlog
c:\niagara\btgd9111\2015\week12\class 2\formstart\formstart\debug\link.4936-cvtres.read.1.tlog
c:\niagara\btgd9111\2015\week12\class 2\formstart\formstart\debug\link.4936-cvtres.write.1.tlog
c:\niagara\btgd9111\2015\week12\class 2\formstart\formstart\debug\link.4936-rc.read.1.tlog
c:\niagara\btgd9111\2015\week12\class 2\formstart\formstart\debug\link.4936-rc.write.1.tlog
c:\niagara\btgd9111\2015\week12\class 2\formstart\formstart\debug\link.4936.read.1.tlog
c:\niagara\btgd9111\2015\week12\class 2\formstart\formstart\debug\link.4936.read.2.tlog
c:\niagara\btgd9111\2015\week12\class 2\formstart\formstart\debug\link.4936.write.1.tlog
c:\niagara\btgd9111\2015\week12\class 2\formstart\formstart\debug\link.5352-cvtres.read.1.tlog
c:\niagara\btgd9111\2015\week12\class 2\formstart\formstart\debug\link.5352-cvtres.write.1.tlog
c:\niagara\btgd9111\2015\week12\class 2\formstart\formstart\debug\link.5352-rc.read.1.tlog
c:\niagara\btgd9111\2015\week12\class 2\formstart\formstart\debug\link.5352-rc.write.1.tlog
c:\niagara\btgd9111\2015\week12\class 2\formstart\formstart\debug\link.5352.read.1.tlog
c:\niagara\btgd9111\2015\week12\class 2\formstart\formstart\debug\link.5352.read.2.tlog
c:\niagara\btgd9111\2015\week12\class 2\formstart\formstart\debug\link.5352.write.1.tlog
c:\niagara\btgd9111\2015\week12\class 2\formstart\formstart\debug\link.5520-cvtres.read.1.tlog
c:\niagara\btgd9111\2015\week12\class 2\formstart\formstart\debug\link.5520-cvtres.write.1.tlog
c:\niagara\btgd9111\2015\week12\class 2\formstart\formstart\debug\link.5520-rc.read.1.tlog
c:\niagara\btgd9111\2015\week12\class 2\formstart\formstart\debug\link.5520-rc.write.1.tlog
c:\niagara\btgd9111\2015\week12\class 2\formstart\formstart\debug\link.5520.read.1.tlog
c:\niagara\btgd9111\2015\week12\class 2\formstart\formstart\debug\link.5520.read.2.tlog
c:\niagara\btgd9111\2015\week12\class 2\formstart\formstart\debug\link.5520.write.1.tlog
c:\niagara\btgd9111\2015\week12\class 2\formstart\formstart\debug\link.5560-cvtres.read.1.tlog
c:\niagara\btgd9111\2015\week12\class 2\formstart\formstart\debug\link.5560-cvtres.write.1.tlog
c:\niagara\btgd9111\2015\week12\class 2\formstart\formstart\debug\link.5560-rc.read.1.tlog
c:\niagara\btgd9111\2015\week12\class 2\formstart\formstart\debug\link.5560-rc.write.1.tlog
c:\niagara\btgd9111\2015\week12\class 2\formstart\formstart\debug\link.5560.read.1.tlog
c:\niagara\btgd9111\2015\week12\class 2\formstart\formstart\debug\link.5560.read.2.tlog
c:\niagara\btgd9111\2015\week12\class 2\formstart\formstart\debug\link.5560.write.1.tlog
c:\niagara\btgd9111\2015\week12\class 2\formstart\formstart\debug\link.6660-cvtres.read.1.tlog
c:\niagara\btgd9111\2015\week12\class 2\formstart\formstart\debug\link.6660-cvtres.write.1.tlog
c:\niagara\btgd9111\2015\week12\class 2\formstart\formstart\debug\link.6660-rc.read.1.tlog
c:\niagara\btgd9111\2015\week12\class 2\formstart\formstart\debug\link.6660-rc.write.1.tlog
c:\niagara\btgd9111\2015\week12\class 2\formstart\formstart\debug\link.6660.read.1.tlog
c:\niagara\btgd9111\2015\week12\class 2\formstart\formstart\debug\link.6660.read.2.tlog
c:\niagara\btgd9111\2015\week12\class 2\formstart\formstart\debug\link.6660.write.1.tlog
c:\niagara\btgd9111\2015\week12\class 2\formstart\formstart\debug\link.command.1.tlog
c:\niagara\btgd9111\2015\week12\class 2\formstart\formstart\debug\link.read.1.tlog
c:\niagara\btgd9111\2015\week12\class 2\formstart\formstart\debug\link.write.1.tlog
c:\niagara\btgd9111\2015\week12\class 2\formstart\formstart\debug\metagen.read.1.tlog
c:\niagara\btgd9111\2015\week12\class 2\formstart\formstart\debug\metagen.write.1.tlog
c:\niagara\btgd9111\2015\week12\class 2\formstart\formstart\debug\vc110.pdb
c:\niagara\btgd9111\2015\week12\class 2\formstart\formstart\debug\rsaenh.dll.bi
c:\niagara\btgd9111\2015\week12\class 2\formstart\formstart\debug\tzres.dll.bi
c:\niagara\btgd9111\2015\week12\class 2\formstart\debug\formstart.pdb
c:\niagara\btgd9111\2015\week12\class 2\formstart\debug\formstart.exe
c:\niagara\btgd9111\2015\week12\class 2\formstart\debug\formstart.ilk
