c:\niagara\btgd9111\2015\week12\class 2\typewriter\formstart\debug\vc120.pdb
c:\niagara\btgd9111\2015\week12\class 2\typewriter\formstart\debug\frmtypewriter.obj
c:\niagara\btgd9111\2015\week12\class 2\typewriter\formstart\debug\.netframework,version=v4.5.assemblyattributes.obj
c:\niagara\btgd9111\2015\week12\class 2\typewriter\debug\typewriter.exe
c:\niagara\btgd9111\2015\week12\class 2\typewriter\debug\typewriter.pdb
c:\niagara\btgd9111\2015\week12\class 2\typewriter\formstart\debug\formstart.frmtypewriter.resources
c:\niagara\btgd9111\2015\week12\class 2\typewriter\typewriter\debug\typewriter.frmtypewriter.resources
c:\niagara\btgd9111\2015\week12\class 2\typewriter\typewriter\debug\formstart.vcxproj.generateresource.cache
c:\niagara\btgd9111\2015\week12\class 2\typewriter\typewriter\debug\typewriter.vcxprojresolveassemblyreference.cache
c:\niagara\btgd9111\2015\week12\class 2\typewriter\typewriter\debug\.netframework,version=v4.5.assemblyattributes.obj
c:\niagara\btgd9111\2015\week12\class 2\typewriter\typewriter\debug\frmtypewriter.obj
c:\niagara\btgd9111\2015\week12\class 2\typewriter\typewriter\debug\formstart.frmtypewriter.resources
c:\niagara\btgd9111\2015\week12\class 2\typewriter\typewriter\debug\vc120.pdb
c:\niagara\btgd9111\2015\week12\class 2\typewriter\typewriter\debug\typewriter.tlog\cl.command.1.tlog
c:\niagara\btgd9111\2015\week12\class 2\typewriter\typewriter\debug\typewriter.tlog\cl.read.1.tlog
c:\niagara\btgd9111\2015\week12\class 2\typewriter\typewriter\debug\typewriter.tlog\cl.write.1.tlog
c:\niagara\btgd9111\2015\week12\class 2\typewriter\typewriter\debug\typewriter.tlog\link.command.1.tlog
c:\niagara\btgd9111\2015\week12\class 2\typewriter\typewriter\debug\typewriter.tlog\link.read.1.tlog
c:\niagara\btgd9111\2015\week12\class 2\typewriter\typewriter\debug\typewriter.tlog\link.write.1.tlog
c:\niagara\btgd9111\2015\week12\class 2\typewriter\typewriter\debug\typewriter.tlog\metagen.read.1.tlog
c:\niagara\btgd9111\2015\week12\class 2\typewriter\typewriter\debug\typewriter.tlog\metagen.write.1.tlog
c:\niagara\btgd9111\2015\week12\class 2\typewriter\typewriter\debug\typewriter.tlog\typewriter.write.1u.tlog
c:\niagara\btgd9111\2015\week12\class 2\typewriter\typewriter\debug\typewriter.tlog\rsaenh.dll.bi
c:\niagara\btgd9111\2015\week12\class 2\typewriter\typewriter\debug\typewriter.tlog\tzres.dll.bi
