c:\niagara\btgd9111\test projects\clockexample\clockexample\debug\clockexample.pch
c:\niagara\btgd9111\test projects\clockexample\clockexample\debug\stdafx.obj
c:\niagara\btgd9111\test projects\clockexample\clockexample\debug\vc100.pdb
c:\niagara\btgd9111\test projects\clockexample\clockexample\debug\clockexample.obj
c:\niagara\btgd9111\test projects\clockexample\clockexample\debug\clockclass.obj
c:\niagara\btgd9111\test projects\clockexample\clockexample\debug\assemblyinfo.obj
c:\niagara\btgd9111\test projects\clockexample\clockexample\debug\clocktype.obj
c:\niagara\btgd9111\2013\test projects\clockexample\clockexample\debug\clockexample.pch
c:\niagara\btgd9111\2013\test projects\clockexample\clockexample\debug\stdafx.obj
c:\niagara\btgd9111\2013\test projects\clockexample\clockexample\debug\vc100.pdb
c:\niagara\btgd9111\2013\test projects\clockexample\clockexample\debug\clockexample.obj
c:\niagara\btgd9111\2013\test projects\clockexample\clockexample\debug\clocktype.obj
c:\niagara\btgd9111\2013\test projects\clockexample\clockexample\debug\assemblyinfo.obj
c:\niagara\btgd9111\2013\test projects\clockexample\clockexample\debug\.netframework,version=v4.0.assemblyattributes.obj
c:\niagara\btgd9111\test projects\clockexample\clockexample\debug\clockexample.frmclockexample.resources
c:\niagara\btgd9111\2013\test projects\clockexample\clockexample\debug\clockexample.frmclockexample.resources
c:\niagara\btgd9111\test projects\clockexample\debug\clockexample.ilk
c:\niagara\btgd9111\test projects\clockexample\debug\clockexample.exe
c:\niagara\btgd9111\test projects\clockexample\clockexample\debug\clockexample.exe.intermediate.manifest
c:\niagara\btgd9111\test projects\clockexample\debug\clockexample.pdb
c:\niagara\btgd9111\2013\test projects\clockexample\debug\clockexample.ilk
c:\niagara\btgd9111\2013\test projects\clockexample\debug\clockexample.exe
c:\niagara\btgd9111\2013\test projects\clockexample\clockexample\debug\clockexample.exe.intermediate.manifest
c:\niagara\btgd9111\2013\test projects\clockexample\debug\clockexample.pdb
c:\niagara\btgd9111\test projects\clockexample\clockexample\debug\app.res
c:\niagara\btgd9111\2013\test projects\clockexample\clockexample\debug\app.res
c:\niagara\btgd9111\2013\test projects\clockexample\clockexample\debug\clockexample.vcxprojresolveassemblyreference.cache
c:\niagara\btgd9111\2013\test projects\clockexample\clockexample\debug\clockclass.obj
c:\niagara\btgd9111\2013\test projects\clockexample\clockexample\debug\cl.command.1.tlog
c:\niagara\btgd9111\2013\test projects\clockexample\clockexample\debug\cl.read.1.tlog
c:\niagara\btgd9111\2013\test projects\clockexample\clockexample\debug\cl.write.1.tlog
c:\niagara\btgd9111\2013\test projects\clockexample\clockexample\debug\clockexample.write.1.tlog
c:\niagara\btgd9111\2013\test projects\clockexample\clockexample\debug\generateresource.read.1.tlog
c:\niagara\btgd9111\2013\test projects\clockexample\clockexample\debug\generateresource.read.576.tlog
c:\niagara\btgd9111\2013\test projects\clockexample\clockexample\debug\generateresource.read.585.tlog
c:\niagara\btgd9111\2013\test projects\clockexample\clockexample\debug\generateresource.read.594.tlog
c:\niagara\btgd9111\2013\test projects\clockexample\clockexample\debug\generateresource.read.607.tlog
c:\niagara\btgd9111\2013\test projects\clockexample\clockexample\debug\generateresource.read.613.tlog
c:\niagara\btgd9111\2013\test projects\clockexample\clockexample\debug\generateresource.read.617.tlog
c:\niagara\btgd9111\2013\test projects\clockexample\clockexample\debug\generateresource.read.620.tlog
c:\niagara\btgd9111\2013\test projects\clockexample\clockexample\debug\generateresource.read.8.tlog
c:\niagara\btgd9111\2013\test projects\clockexample\clockexample\debug\generateresource.write.1.tlog
c:\niagara\btgd9111\2013\test projects\clockexample\clockexample\debug\generateresource.write.576.tlog
c:\niagara\btgd9111\2013\test projects\clockexample\clockexample\debug\generateresource.write.585.tlog
c:\niagara\btgd9111\2013\test projects\clockexample\clockexample\debug\generateresource.write.594.tlog
c:\niagara\btgd9111\2013\test projects\clockexample\clockexample\debug\generateresource.write.607.tlog
c:\niagara\btgd9111\2013\test projects\clockexample\clockexample\debug\generateresource.write.613.tlog
c:\niagara\btgd9111\2013\test projects\clockexample\clockexample\debug\generateresource.write.617.tlog
c:\niagara\btgd9111\2013\test projects\clockexample\clockexample\debug\generateresource.write.620.tlog
c:\niagara\btgd9111\2013\test projects\clockexample\clockexample\debug\generateresource.write.8.tlog
c:\niagara\btgd9111\2013\test projects\clockexample\clockexample\debug\link.1684-cvtres.read.1.tlog
c:\niagara\btgd9111\2013\test projects\clockexample\clockexample\debug\link.1684-cvtres.write.1.tlog
c:\niagara\btgd9111\2013\test projects\clockexample\clockexample\debug\link.1684.read.1.tlog
c:\niagara\btgd9111\2013\test projects\clockexample\clockexample\debug\link.1684.write.1.tlog
c:\niagara\btgd9111\2013\test projects\clockexample\clockexample\debug\link.2360-cvtres.read.1.tlog
c:\niagara\btgd9111\2013\test projects\clockexample\clockexample\debug\link.2360-cvtres.write.1.tlog
c:\niagara\btgd9111\2013\test projects\clockexample\clockexample\debug\link.2360.read.1.tlog
c:\niagara\btgd9111\2013\test projects\clockexample\clockexample\debug\link.2360.write.1.tlog
c:\niagara\btgd9111\2013\test projects\clockexample\clockexample\debug\link.2464-cvtres.read.1.tlog
c:\niagara\btgd9111\2013\test projects\clockexample\clockexample\debug\link.2464-cvtres.write.1.tlog
c:\niagara\btgd9111\2013\test projects\clockexample\clockexample\debug\link.2464.read.1.tlog
c:\niagara\btgd9111\2013\test projects\clockexample\clockexample\debug\link.2464.write.1.tlog
c:\niagara\btgd9111\2013\test projects\clockexample\clockexample\debug\link.2596-cvtres.read.1.tlog
c:\niagara\btgd9111\2013\test projects\clockexample\clockexample\debug\link.2596-cvtres.write.1.tlog
c:\niagara\btgd9111\2013\test projects\clockexample\clockexample\debug\link.2596.read.1.tlog
c:\niagara\btgd9111\2013\test projects\clockexample\clockexample\debug\link.2596.write.1.tlog
c:\niagara\btgd9111\2013\test projects\clockexample\clockexample\debug\link.3456-cvtres.read.1.tlog
c:\niagara\btgd9111\2013\test projects\clockexample\clockexample\debug\link.3456-cvtres.write.1.tlog
c:\niagara\btgd9111\2013\test projects\clockexample\clockexample\debug\link.3456.read.1.tlog
c:\niagara\btgd9111\2013\test projects\clockexample\clockexample\debug\link.3456.write.1.tlog
c:\niagara\btgd9111\2013\test projects\clockexample\clockexample\debug\link.3548-cvtres.read.1.tlog
c:\niagara\btgd9111\2013\test projects\clockexample\clockexample\debug\link.3548-cvtres.write.1.tlog
c:\niagara\btgd9111\2013\test projects\clockexample\clockexample\debug\link.3548.read.1.tlog
c:\niagara\btgd9111\2013\test projects\clockexample\clockexample\debug\link.3548.write.1.tlog
c:\niagara\btgd9111\2013\test projects\clockexample\clockexample\debug\link.3748-cvtres.read.1.tlog
c:\niagara\btgd9111\2013\test projects\clockexample\clockexample\debug\link.3748-cvtres.write.1.tlog
c:\niagara\btgd9111\2013\test projects\clockexample\clockexample\debug\link.3748.read.1.tlog
c:\niagara\btgd9111\2013\test projects\clockexample\clockexample\debug\link.3748.write.1.tlog
c:\niagara\btgd9111\2013\test projects\clockexample\clockexample\debug\link.4140-cvtres.read.1.tlog
c:\niagara\btgd9111\2013\test projects\clockexample\clockexample\debug\link.4140-cvtres.write.1.tlog
c:\niagara\btgd9111\2013\test projects\clockexample\clockexample\debug\link.4140.read.1.tlog
c:\niagara\btgd9111\2013\test projects\clockexample\clockexample\debug\link.4140.write.1.tlog
c:\niagara\btgd9111\2013\test projects\clockexample\clockexample\debug\link.4260-cvtres.read.1.tlog
c:\niagara\btgd9111\2013\test projects\clockexample\clockexample\debug\link.4260-cvtres.write.1.tlog
c:\niagara\btgd9111\2013\test projects\clockexample\clockexample\debug\link.4260.read.1.tlog
c:\niagara\btgd9111\2013\test projects\clockexample\clockexample\debug\link.4260.write.1.tlog
c:\niagara\btgd9111\2013\test projects\clockexample\clockexample\debug\link.4972-cvtres.read.1.tlog
c:\niagara\btgd9111\2013\test projects\clockexample\clockexample\debug\link.4972-cvtres.write.1.tlog
c:\niagara\btgd9111\2013\test projects\clockexample\clockexample\debug\link.4972.read.1.tlog
c:\niagara\btgd9111\2013\test projects\clockexample\clockexample\debug\link.4972.write.1.tlog
c:\niagara\btgd9111\2013\test projects\clockexample\clockexample\debug\link.5404-cvtres.read.1.tlog
c:\niagara\btgd9111\2013\test projects\clockexample\clockexample\debug\link.5404-cvtres.write.1.tlog
c:\niagara\btgd9111\2013\test projects\clockexample\clockexample\debug\link.5404.read.1.tlog
c:\niagara\btgd9111\2013\test projects\clockexample\clockexample\debug\link.5404.write.1.tlog
c:\niagara\btgd9111\2013\test projects\clockexample\clockexample\debug\link.6076-cvtres.read.1.tlog
c:\niagara\btgd9111\2013\test projects\clockexample\clockexample\debug\link.6076-cvtres.write.1.tlog
c:\niagara\btgd9111\2013\test projects\clockexample\clockexample\debug\link.6076.read.1.tlog
c:\niagara\btgd9111\2013\test projects\clockexample\clockexample\debug\link.6076.write.1.tlog
c:\niagara\btgd9111\2013\test projects\clockexample\clockexample\debug\link.6120-cvtres.read.1.tlog
c:\niagara\btgd9111\2013\test projects\clockexample\clockexample\debug\link.6120-cvtres.write.1.tlog
c:\niagara\btgd9111\2013\test projects\clockexample\clockexample\debug\link.6120.read.1.tlog
c:\niagara\btgd9111\2013\test projects\clockexample\clockexample\debug\link.6120.write.1.tlog
c:\niagara\btgd9111\2013\test projects\clockexample\clockexample\debug\link.6556-cvtres.read.1.tlog
c:\niagara\btgd9111\2013\test projects\clockexample\clockexample\debug\link.6556-cvtres.write.1.tlog
c:\niagara\btgd9111\2013\test projects\clockexample\clockexample\debug\link.6556.read.1.tlog
c:\niagara\btgd9111\2013\test projects\clockexample\clockexample\debug\link.6556.write.1.tlog
c:\niagara\btgd9111\2013\test projects\clockexample\clockexample\debug\link.7528-cvtres.read.1.tlog
c:\niagara\btgd9111\2013\test projects\clockexample\clockexample\debug\link.7528-cvtres.write.1.tlog
c:\niagara\btgd9111\2013\test projects\clockexample\clockexample\debug\link.7528.read.1.tlog
c:\niagara\btgd9111\2013\test projects\clockexample\clockexample\debug\link.7528.write.1.tlog
c:\niagara\btgd9111\2013\test projects\clockexample\clockexample\debug\link.7552-cvtres.read.1.tlog
c:\niagara\btgd9111\2013\test projects\clockexample\clockexample\debug\link.7552-cvtres.write.1.tlog
c:\niagara\btgd9111\2013\test projects\clockexample\clockexample\debug\link.7552.read.1.tlog
c:\niagara\btgd9111\2013\test projects\clockexample\clockexample\debug\link.7552.write.1.tlog
c:\niagara\btgd9111\2013\test projects\clockexample\clockexample\debug\link.7912-cvtres.read.1.tlog
c:\niagara\btgd9111\2013\test projects\clockexample\clockexample\debug\link.7912-cvtres.write.1.tlog
c:\niagara\btgd9111\2013\test projects\clockexample\clockexample\debug\link.7912.read.1.tlog
c:\niagara\btgd9111\2013\test projects\clockexample\clockexample\debug\link.7912.write.1.tlog
c:\niagara\btgd9111\2013\test projects\clockexample\clockexample\debug\link.8168-cvtres.read.1.tlog
c:\niagara\btgd9111\2013\test projects\clockexample\clockexample\debug\link.8168-cvtres.write.1.tlog
c:\niagara\btgd9111\2013\test projects\clockexample\clockexample\debug\link.8168.read.1.tlog
c:\niagara\btgd9111\2013\test projects\clockexample\clockexample\debug\link.8168.write.1.tlog
c:\niagara\btgd9111\2013\test projects\clockexample\clockexample\debug\link.8736-cvtres.read.1.tlog
c:\niagara\btgd9111\2013\test projects\clockexample\clockexample\debug\link.8736-cvtres.write.1.tlog
c:\niagara\btgd9111\2013\test projects\clockexample\clockexample\debug\link.8736.read.1.tlog
c:\niagara\btgd9111\2013\test projects\clockexample\clockexample\debug\link.8736.write.1.tlog
c:\niagara\btgd9111\2013\test projects\clockexample\clockexample\debug\link.command.1.tlog
c:\niagara\btgd9111\2013\test projects\clockexample\clockexample\debug\link.read.1.tlog
c:\niagara\btgd9111\2013\test projects\clockexample\clockexample\debug\link.write.1.tlog
c:\niagara\btgd9111\2013\test projects\clockexample\clockexample\debug\mt.command.1.tlog
c:\niagara\btgd9111\2013\test projects\clockexample\clockexample\debug\mt.read.1.tlog
c:\niagara\btgd9111\2013\test projects\clockexample\clockexample\debug\mt.write.1.tlog
c:\niagara\btgd9111\2013\test projects\clockexample\clockexample\debug\rc.command.1.tlog
c:\niagara\btgd9111\2013\test projects\clockexample\clockexample\debug\rc.read.1.tlog
c:\niagara\btgd9111\2013\test projects\clockexample\clockexample\debug\rc.write.1.tlog
